{"level":"\u001b[32minfo\u001b[39m","message":"\u001b[32m[FACULTY-API] Faculty API Mock rodando na porta 3001\u001b[39m","timestamp":"2025-10-04 10:55:30"}
{"level":"\u001b[32minfo\u001b[39m","message":"\u001b[32m[FACULTY-API] Listando todos os dados acadêmicos\u001b[39m","timestamp":"2025-10-04 10:55:56"}
{"level":"\u001b[32minfo\u001b[39m","message":"\u001b[32m[FACULTY-API] Buscando dados acadêmicos para estudante :studentId\u001b[39m","timestamp":"2025-10-04 10:58:54"}
{"level":"\u001b[32minfo\u001b[39m","message":"\u001b[32m[FACULTY-API] Buscando dados acadêmicos para estudante 1\u001b[39m","timestamp":"2025-10-04 10:58:58"}
{"level":"\u001b[32minfo\u001b[39m","message":"\u001b[32m[FACULTY-API] Faculty API Mock rodando na porta 3001\u001b[39m","timestamp":"2025-10-04 14:00:23"}
{"level":"\u001b[32minfo\u001b[39m","message":"\u001b[32m[FACULTY-API] Buscando dados acadêmicos para estudante 1\u001b[39m","timestamp":"2025-10-04 14:00:31"}
{"level":"\u001b[32minfo\u001b[39m","message":"\u001b[32m[FACULTY-API] Buscando dados de bolsa para estudante 1\u001b[39m","timestamp":"2025-10-04 14:00:35"}
{"cpf":"111.222.333-44","level":"\u001b[32minfo\u001b[39m","message":"\u001b[32m[FACULTY-API] Atualizando dados acadêmicos para estudante 1\u001b[39m","scholarshipPercentage":75,"timestamp":"2025-10-04 14:00:41"}
{"level":"\u001b[32minfo\u001b[39m","message":"\u001b[32m[FACULTY-API] Atualizando dados acadêmicos para estudante 1\u001b[39m","scholarshipPercentage":150,"timestamp":"2025-10-04 14:00:48"}
{"cpf":"12345678900","level":"\u001b[32minfo\u001b[39m","message":"\u001b[32m[FACULTY-API] Atualizando dados acadêmicos para estudante 1\u001b[39m","timestamp":"2025-10-04 14:00:54"}
{"level":"\u001b[32minfo\u001b[39m","message":"\u001b[32m[FACULTY-API] Faculty API Mock rodando na porta 3001\u001b[39m","timestamp":"2025-10-04 15:31:46"}
{"level":"\u001b[32minfo\u001b[39m","message":"\u001b[32m[FACULTY-API] Buscando dados de bolsa para estudante 1\u001b[39m","timestamp":"2025-10-04 15:32:31"}
{"level":"\u001b[32minfo\u001b[39m","message":"\u001b[32m[FACULTY-API] Faculty API Mock rodando na porta 3001\u001b[39m","timestamp":"2025-10-05 00:37:07"}
{"level":"\u001b[32minfo\u001b[39m","message":"\u001b[32m[FACULTY-API] Buscando dados acadêmicos para estudante 8\u001b[39m","timestamp":"2025-10-05 00:52:47"}
{"level":"\u001b[32minfo\u001b[39m","message":"\u001b[32m[FACULTY-API] Buscando dados acadêmicos para estudante 2\u001b[39m","timestamp":"2025-10-05 00:54:59"}
{"level":"\u001b[32minfo\u001b[39m","message":"\u001b[32m[FACULTY-API] Buscando dados acadêmicos para estudante 2\u001b[39m","timestamp":"2025-10-05 00:55:17"}
{"level":"\u001b[32minfo\u001b[39m","message":"\u001b[32m[FACULTY-API] Buscando dados acadêmicos para estudante 2\u001b[39m","timestamp":"2025-10-05 00:57:11"}
{"level":"\u001b[32minfo\u001b[39m","message":"\u001b[32m[FACULTY-API] Faculty API Mock rodando na porta 3001\u001b[39m","timestamp":"2025-10-05 01:24:48"}
{"level":"\u001b[32minfo\u001b[39m","message":"\u001b[32m[FACULTY-API] Buscando dados acadêmicos para estudante 9\u001b[39m","timestamp":"2025-10-05 01:28:25"}
{"level":"\u001b[32minfo\u001b[39m","message":"\u001b[32m[FACULTY-API] Faculty API Mock rodando na porta 3001\u001b[39m","timestamp":"2025-10-05 02:24:08"}
